<?xml version="1.0" encoding="UTF-8"?>
<testng-results ignored="0" total="1" passed="1" failed="0" skipped="0">
  <reporter-output>
  </reporter-output>
  <suite started-at="2021-03-14T11:09:46 PDT" name="QATestSuite" finished-at="2021-03-14T11:10:14 PDT" duration-ms="28114">
    <groups>
    </groups>
    <test started-at="2021-03-14T11:09:46 PDT" name="WWValidation" finished-at="2021-03-14T11:10:14 PDT" duration-ms="28114">
      <class name="qatests.QaExercise">
        <test-method signature="validateQaExercise()[pri:0, instance:qatests.QaExercise@11a9e7c8]" started-at="2021-03-14T11:09:46 PDT" name="validateQaExercise" finished-at="2021-03-14T11:10:14 PDT" duration-ms="28079" status="PASS">
          <reporter-output>
          </reporter-output>
        </test-method> <!-- validateQaExercise -->
      </class> <!-- qatests.QaExercise -->
      <class name="pageobject.BasePage">
        <test-method is-config="true" signature="driverInitialization()[pri:0, instance:pageobject.BasePage@3b07a0d6]" started-at="2021-03-14T11:09:45 PDT" name="driverInitialization" finished-at="2021-03-14T11:09:46 PDT" duration-ms="1729" status="PASS">
          <reporter-output>
          </reporter-output>
        </test-method> <!-- driverInitialization -->
        <test-method is-config="true" signature="driverDispose()[pri:0, instance:pageobject.BasePage@3b07a0d6]" started-at="2021-03-14T11:10:14 PDT" name="driverDispose" finished-at="2021-03-14T11:10:15 PDT" duration-ms="865" status="PASS">
          <reporter-output>
          </reporter-output>
        </test-method> <!-- driverDispose -->
      </class> <!-- pageobject.BasePage -->
    </test> <!-- WWValidation -->
  </suite> <!-- QATestSuite -->
</testng-results>
